0 verbose cli /opt/homebrew/Cellar/node/25.2.1/bin/node /opt/homebrew/bin/npm
1 info using npm@11.7.0
2 info using node@v25.2.1
3 silly config load:file:/opt/homebrew/lib/node_modules/npm/npmrc
4 silly config load:file:/Users/mohsin/research/anti/.npmrc
5 silly config load:file:/Users/mohsin/.npmrc
6 silly config load:file:/opt/homebrew/etc/npmrc
7 verbose title npm install
8 verbose argv "install" "--cache" ".npm-cache"
9 verbose logfile logs-max:10 dir:/Users/mohsin/research/anti/.npm-cache/_logs/2026-02-23T08_10_23_590Z-
10 verbose logfile /Users/mohsin/research/anti/.npm-cache/_logs/2026-02-23T08_10_23_590Z-debug-0.log
11 silly logfile done cleaning log files
12 silly packumentCache heap:4496293888 maxSize:1124073472 maxEntrySize:562036736
13 silly idealTree buildDeps
14 silly fetch manifest vite@^5.1.0
15 silly packumentCache full:https://registry.npmjs.org/vite cache-miss
16 http fetch GET 200 https://registry.npmjs.org/npm 161ms
17 http fetch GET 200 https://registry.npmjs.org/vite 761ms (cache miss)
18 silly packumentCache full:https://registry.npmjs.org/vite set size:undefined disposed:false
19 silly fetch manifest @types/node@^18.0.0 || >=20.0.0
20 silly packumentCache full:https://registry.npmjs.org/@types%2fnode cache-miss
21 http fetch GET 200 https://registry.npmjs.org/@types%2fnode 117ms (cache miss)
22 silly packumentCache full:https://registry.npmjs.org/@types%2fnode set size:undefined disposed:false
23 silly fetch manifest less@*
24 silly packumentCache full:https://registry.npmjs.org/less cache-miss
25 http fetch GET 200 https://registry.npmjs.org/less 35ms (cache miss)
26 silly packumentCache full:https://registry.npmjs.org/less set size:undefined disposed:false
27 silly fetch manifest lightningcss@^1.21.0
28 silly packumentCache full:https://registry.npmjs.org/lightningcss cache-miss
29 http fetch GET 200 https://registry.npmjs.org/lightningcss 48ms (cache miss)
30 silly packumentCache full:https://registry.npmjs.org/lightningcss set size:undefined disposed:false
31 silly fetch manifest sass@*
32 silly packumentCache full:https://registry.npmjs.org/sass cache-miss
33 http fetch GET 200 https://registry.npmjs.org/sass 46ms (cache miss)
34 silly packumentCache full:https://registry.npmjs.org/sass set size:undefined disposed:false
35 silly fetch manifest sass-embedded@*
36 silly packumentCache full:https://registry.npmjs.org/sass-embedded cache-miss
37 http fetch GET 200 https://registry.npmjs.org/sass-embedded 41ms (cache miss)
38 silly packumentCache full:https://registry.npmjs.org/sass-embedded set size:undefined disposed:false
39 silly fetch manifest stylus@*
40 silly packumentCache full:https://registry.npmjs.org/stylus cache-miss
41 http fetch GET 200 https://registry.npmjs.org/stylus 39ms (cache miss)
42 silly packumentCache full:https://registry.npmjs.org/stylus set size:undefined disposed:false
43 silly fetch manifest sugarss@*
44 silly packumentCache full:https://registry.npmjs.org/sugarss cache-miss
45 http fetch GET 200 https://registry.npmjs.org/sugarss 39ms (cache miss)
46 silly packumentCache full:https://registry.npmjs.org/sugarss set size:undefined disposed:false
47 silly fetch manifest postcss@^8.3.3
48 silly packumentCache full:https://registry.npmjs.org/postcss cache-miss
49 http fetch GET 200 https://registry.npmjs.org/postcss 37ms (cache miss)
50 silly packumentCache full:https://registry.npmjs.org/postcss set size:undefined disposed:false
51 silly fetch manifest terser@^5.4.0
52 silly packumentCache full:https://registry.npmjs.org/terser cache-miss
53 http fetch GET 200 https://registry.npmjs.org/terser 301ms (cache miss)
54 silly packumentCache full:https://registry.npmjs.org/terser set size:undefined disposed:false
55 silly placeDep ROOT vite@5.4.21 OK for: zm-exam-prep-11@1.0.0 want: ^5.1.0
56 silly fetch manifest rollup@^4.20.0
57 silly packumentCache full:https://registry.npmjs.org/rollup cache-miss
58 silly fetch manifest esbuild@^0.21.3
59 silly packumentCache full:https://registry.npmjs.org/esbuild cache-miss
60 silly fetch manifest postcss@^8.4.43
61 silly packumentCache full:https://registry.npmjs.org/postcss cache-miss
62 silly fetch manifest fsevents@~2.3.3
63 silly packumentCache full:https://registry.npmjs.org/fsevents cache-miss
64 http cache https://registry.npmjs.org/postcss 8ms (cache hit)
65 silly packumentCache full:https://registry.npmjs.org/postcss set size:696248 disposed:false
66 http fetch GET 200 https://registry.npmjs.org/esbuild 57ms (cache miss)
67 silly packumentCache full:https://registry.npmjs.org/esbuild set size:undefined disposed:false
68 http fetch GET 200 https://registry.npmjs.org/rollup 73ms (cache miss)
69 silly packumentCache full:https://registry.npmjs.org/rollup set size:undefined disposed:false
70 http fetch GET 200 https://registry.npmjs.org/fsevents 122ms (cache miss)
71 silly packumentCache full:https://registry.npmjs.org/fsevents set size:undefined disposed:false
72 silly placeDep ROOT esbuild@0.21.5 OK for: vite@5.4.21 want: ^0.21.3
73 silly placeDep ROOT fsevents@2.3.3 OK for: vite@5.4.21 want: ~2.3.3
74 silly placeDep ROOT postcss@8.5.6 OK for: vite@5.4.21 want: ^8.4.43
75 silly placeDep ROOT rollup@4.59.0 OK for: vite@5.4.21 want: ^4.20.0
76 silly fetch manifest @esbuild/aix-ppc64@0.21.5
77 silly packumentCache full:https://registry.npmjs.org/@esbuild%2faix-ppc64 cache-miss
78 silly fetch manifest @esbuild/linux-arm@0.21.5
79 silly packumentCache full:https://registry.npmjs.org/@esbuild%2flinux-arm cache-miss
80 silly fetch manifest @esbuild/linux-x64@0.21.5
81 silly packumentCache full:https://registry.npmjs.org/@esbuild%2flinux-x64 cache-miss
82 silly fetch manifest @esbuild/sunos-x64@0.21.5
83 silly packumentCache full:https://registry.npmjs.org/@esbuild%2fsunos-x64 cache-miss
84 silly fetch manifest @esbuild/win32-x64@0.21.5
85 silly packumentCache full:https://registry.npmjs.org/@esbuild%2fwin32-x64 cache-miss
86 silly fetch manifest @esbuild/darwin-x64@0.21.5
87 silly packumentCache full:https://registry.npmjs.org/@esbuild%2fdarwin-x64 cache-miss
88 silly fetch manifest @esbuild/linux-ia32@0.21.5
89 silly packumentCache full:https://registry.npmjs.org/@esbuild%2flinux-ia32 cache-miss
90 silly fetch manifest @esbuild/netbsd-x64@0.21.5
91 silly packumentCache full:https://registry.npmjs.org/@esbuild%2fnetbsd-x64 cache-miss
92 silly fetch manifest @esbuild/win32-ia32@0.21.5
93 silly packumentCache full:https://registry.npmjs.org/@esbuild%2fwin32-ia32 cache-miss
94 silly fetch manifest @esbuild/android-arm@0.21.5
95 silly packumentCache full:https://registry.npmjs.org/@esbuild%2fandroid-arm cache-miss
96 silly fetch manifest @esbuild/android-x64@0.21.5
97 silly packumentCache full:https://registry.npmjs.org/@esbuild%2fandroid-x64 cache-miss
98 http fetch GET 200 https://registry.npmjs.org/@esbuild%2flinux-arm 55ms (cache miss)
99 silly packumentCache full:https://registry.npmjs.org/@esbuild%2flinux-arm set size:undefined disposed:false
100 silly fetch manifest @esbuild/freebsd-x64@0.21.5
101 silly packumentCache full:https://registry.npmjs.org/@esbuild%2ffreebsd-x64 cache-miss
102 http fetch GET 200 https://registry.npmjs.org/@esbuild%2flinux-x64 64ms (cache miss)
103 silly packumentCache full:https://registry.npmjs.org/@esbuild%2flinux-x64 set size:undefined disposed:false
104 silly fetch manifest @esbuild/linux-arm64@0.21.5
105 silly packumentCache full:https://registry.npmjs.org/@esbuild%2flinux-arm64 cache-miss
106 http fetch GET 200 https://registry.npmjs.org/@esbuild%2ffreebsd-x64 51ms (cache miss)
107 silly packumentCache full:https://registry.npmjs.org/@esbuild%2ffreebsd-x64 set size:undefined disposed:false
108 silly fetch manifest @esbuild/linux-ppc64@0.21.5
109 silly packumentCache full:https://registry.npmjs.org/@esbuild%2flinux-ppc64 cache-miss
110 http fetch GET 200 https://registry.npmjs.org/@esbuild%2faix-ppc64 108ms (cache miss)
111 silly packumentCache full:https://registry.npmjs.org/@esbuild%2faix-ppc64 set size:undefined disposed:false
112 silly fetch manifest @esbuild/linux-s390x@0.21.5
113 silly packumentCache full:https://registry.npmjs.org/@esbuild%2flinux-s390x cache-miss
114 http fetch GET 200 https://registry.npmjs.org/@esbuild%2flinux-arm64 48ms (cache miss)
115 silly packumentCache full:https://registry.npmjs.org/@esbuild%2flinux-arm64 set size:undefined disposed:false
116 silly fetch manifest @esbuild/openbsd-x64@0.21.5
117 silly packumentCache full:https://registry.npmjs.org/@esbuild%2fopenbsd-x64 cache-miss
118 http fetch GET 200 https://registry.npmjs.org/@esbuild%2fwin32-x64 120ms (cache miss)
119 silly packumentCache full:https://registry.npmjs.org/@esbuild%2fwin32-x64 set size:undefined disposed:false
120 silly fetch manifest @esbuild/win32-arm64@0.21.5
121 silly packumentCache full:https://registry.npmjs.org/@esbuild%2fwin32-arm64 cache-miss
122 http fetch GET 200 https://registry.npmjs.org/@esbuild%2fsunos-x64 122ms (cache miss)
123 silly packumentCache full:https://registry.npmjs.org/@esbuild%2fsunos-x64 set size:undefined disposed:false
124 silly fetch manifest @esbuild/darwin-arm64@0.21.5
125 silly packumentCache full:https://registry.npmjs.org/@esbuild%2fdarwin-arm64 cache-miss
126 http fetch GET 200 https://registry.npmjs.org/@esbuild%2fandroid-x64 127ms (cache miss)
127 silly packumentCache full:https://registry.npmjs.org/@esbuild%2fandroid-x64 set size:undefined disposed:false
128 silly fetch manifest @esbuild/android-arm64@0.21.5
129 silly packumentCache full:https://registry.npmjs.org/@esbuild%2fandroid-arm64 cache-miss
130 http fetch GET 200 https://registry.npmjs.org/@esbuild%2flinux-ia32 130ms (cache miss)
131 silly packumentCache full:https://registry.npmjs.org/@esbuild%2flinux-ia32 set size:undefined disposed:false
132 silly fetch manifest @esbuild/freebsd-arm64@0.21.5
133 silly packumentCache full:https://registry.npmjs.org/@esbuild%2ffreebsd-arm64 cache-miss
134 http fetch GET 200 https://registry.npmjs.org/@esbuild%2fdarwin-x64 131ms (cache miss)
135 silly packumentCache full:https://registry.npmjs.org/@esbuild%2fdarwin-x64 set size:undefined disposed:false
136 silly fetch manifest @esbuild/linux-loong64@0.21.5
137 silly packumentCache full:https://registry.npmjs.org/@esbuild%2flinux-loong64 cache-miss
138 http fetch GET 200 https://registry.npmjs.org/@esbuild%2fwin32-ia32 132ms (cache miss)
139 silly packumentCache full:https://registry.npmjs.org/@esbuild%2fwin32-ia32 set size:undefined disposed:false
140 silly fetch manifest @esbuild/linux-riscv64@0.21.5
141 silly packumentCache full:https://registry.npmjs.org/@esbuild%2flinux-riscv64 cache-miss
142 http fetch GET 200 https://registry.npmjs.org/@esbuild%2fnetbsd-x64 134ms (cache miss)
143 silly packumentCache full:https://registry.npmjs.org/@esbuild%2fnetbsd-x64 set size:undefined disposed:false
144 silly fetch manifest @esbuild/linux-mips64el@0.21.5
145 silly packumentCache full:https://registry.npmjs.org/@esbuild%2flinux-mips64el cache-miss
146 http fetch GET 200 https://registry.npmjs.org/@esbuild%2fandroid-arm 146ms (cache miss)
147 silly packumentCache full:https://registry.npmjs.org/@esbuild%2fandroid-arm set size:undefined disposed:false
148 silly fetch manifest nanoid@^3.3.11
149 silly packumentCache full:https://registry.npmjs.org/nanoid cache-miss
150 http fetch GET 200 https://registry.npmjs.org/@esbuild%2flinux-ppc64 43ms (cache miss)
151 silly packumentCache full:https://registry.npmjs.org/@esbuild%2flinux-ppc64 set size:undefined disposed:false
152 silly fetch manifest picocolors@^1.1.1
153 silly packumentCache full:https://registry.npmjs.org/picocolors cache-miss
154 http fetch GET 200 https://registry.npmjs.org/@esbuild%2fdarwin-arm64 50ms (cache miss)
155 silly packumentCache full:https://registry.npmjs.org/@esbuild%2fdarwin-arm64 set size:undefined disposed:false
156 silly fetch manifest source-map-js@^1.2.1
157 silly packumentCache full:https://registry.npmjs.org/source-map-js cache-miss
158 http fetch GET 200 https://registry.npmjs.org/@esbuild%2fopenbsd-x64 63ms (cache miss)
159 silly packumentCache full:https://registry.npmjs.org/@esbuild%2fopenbsd-x64 set size:undefined disposed:false
160 silly fetch manifest @types/estree@1.0.8
161 silly packumentCache full:https://registry.npmjs.org/@types%2festree cache-miss
162 http fetch GET 200 https://registry.npmjs.org/@esbuild%2flinux-riscv64 48ms (cache miss)
163 silly packumentCache full:https://registry.npmjs.org/@esbuild%2flinux-riscv64 set size:undefined disposed:false
164 silly fetch manifest @rollup/rollup-darwin-arm64@4.59.0
165 silly packumentCache full:https://registry.npmjs.org/@rollup%2frollup-darwin-arm64 cache-miss
166 http fetch GET 200 https://registry.npmjs.org/picocolors 31ms (cache miss)
167 silly packumentCache full:https://registry.npmjs.org/picocolors set size:undefined disposed:false
168 silly fetch manifest @rollup/rollup-android-arm64@4.59.0
169 silly packumentCache full:https://registry.npmjs.org/@rollup%2frollup-android-arm64 cache-miss
170 http fetch GET 200 https://registry.npmjs.org/@esbuild%2fandroid-arm64 55ms (cache miss)
171 silly packumentCache full:https://registry.npmjs.org/@esbuild%2fandroid-arm64 set size:undefined disposed:false
172 silly fetch manifest @rollup/rollup-win32-arm64-msvc@4.59.0
173 silly packumentCache full:https://registry.npmjs.org/@rollup%2frollup-win32-arm64-msvc cache-miss
174 http fetch GET 200 https://registry.npmjs.org/@esbuild%2fwin32-arm64 65ms (cache miss)
175 silly packumentCache full:https://registry.npmjs.org/@esbuild%2fwin32-arm64 set size:undefined disposed:false
176 silly fetch manifest @rollup/rollup-freebsd-arm64@4.59.0
177 silly packumentCache full:https://registry.npmjs.org/@rollup%2frollup-freebsd-arm64 cache-miss
178 http fetch GET 200 https://registry.npmjs.org/@esbuild%2flinux-mips64el 54ms (cache miss)
179 silly packumentCache full:https://registry.npmjs.org/@esbuild%2flinux-mips64el set size:undefined disposed:false
180 silly fetch manifest @rollup/rollup-linux-arm64-gnu@4.59.0
181 silly packumentCache full:https://registry.npmjs.org/@rollup%2frollup-linux-arm64-gnu cache-miss
182 http fetch GET 200 https://registry.npmjs.org/@esbuild%2flinux-loong64 70ms (cache miss)
183 silly packumentCache full:https://registry.npmjs.org/@esbuild%2flinux-loong64 set size:undefined disposed:false
184 silly fetch manifest @rollup/rollup-linux-arm64-musl@4.59.0
185 silly packumentCache full:https://registry.npmjs.org/@rollup%2frollup-linux-arm64-musl cache-miss
186 http fetch GET 200 https://registry.npmjs.org/@esbuild%2ffreebsd-arm64 74ms (cache miss)
187 silly packumentCache full:https://registry.npmjs.org/@esbuild%2ffreebsd-arm64 set size:undefined disposed:false
188 silly fetch manifest @rollup/rollup-android-arm-eabi@4.59.0
189 silly packumentCache full:https://registry.npmjs.org/@rollup%2frollup-android-arm-eabi cache-miss
190 http fetch GET 200 https://registry.npmjs.org/nanoid 59ms (cache miss)
191 silly packumentCache full:https://registry.npmjs.org/nanoid set size:undefined disposed:false
192 silly fetch manifest @rollup/rollup-linux-arm-gnueabihf@4.59.0
193 silly packumentCache full:https://registry.npmjs.org/@rollup%2frollup-linux-arm-gnueabihf cache-miss
194 http fetch GET 200 https://registry.npmjs.org/source-map-js 36ms (cache miss)
195 silly packumentCache full:https://registry.npmjs.org/source-map-js set size:undefined disposed:false
196 silly fetch manifest @rollup/rollup-linux-arm-musleabihf@4.59.0
197 silly packumentCache full:https://registry.npmjs.org/@rollup%2frollup-linux-arm-musleabihf cache-miss
198 http fetch GET 200 https://registry.npmjs.org/@esbuild%2flinux-s390x 109ms (cache miss)
199 silly packumentCache full:https://registry.npmjs.org/@esbuild%2flinux-s390x set size:undefined disposed:false
200 silly fetch manifest @rollup/rollup-win32-ia32-msvc@4.59.0
201 silly packumentCache full:https://registry.npmjs.org/@rollup%2frollup-win32-ia32-msvc cache-miss
202 http fetch GET 200 https://registry.npmjs.org/@rollup%2frollup-freebsd-arm64 40ms (cache miss)
203 silly packumentCache full:https://registry.npmjs.org/@rollup%2frollup-freebsd-arm64 set size:undefined disposed:false
204 silly fetch manifest @rollup/rollup-linux-loong64-gnu@4.59.0
205 silly packumentCache full:https://registry.npmjs.org/@rollup%2frollup-linux-loong64-gnu cache-miss
206 http fetch GET 200 https://registry.npmjs.org/@rollup%2frollup-win32-arm64-msvc 43ms (cache miss)
207 silly packumentCache full:https://registry.npmjs.org/@rollup%2frollup-win32-arm64-msvc set size:undefined disposed:false
208 silly fetch manifest @rollup/rollup-linux-loong64-musl@4.59.0
209 silly packumentCache full:https://registry.npmjs.org/@rollup%2frollup-linux-loong64-musl cache-miss
210 http fetch GET 200 https://registry.npmjs.org/@rollup%2frollup-android-arm64 46ms (cache miss)
211 silly packumentCache full:https://registry.npmjs.org/@rollup%2frollup-android-arm64 set size:undefined disposed:false
212 silly fetch manifest @rollup/rollup-linux-riscv64-gnu@4.59.0
213 silly packumentCache full:https://registry.npmjs.org/@rollup%2frollup-linux-riscv64-gnu cache-miss
214 http fetch GET 200 https://registry.npmjs.org/@types%2festree 55ms (cache miss)
215 silly packumentCache full:https://registry.npmjs.org/@types%2festree set size:undefined disposed:false
216 silly fetch manifest @rollup/rollup-linux-riscv64-musl@4.59.0
217 silly packumentCache full:https://registry.npmjs.org/@rollup%2frollup-linux-riscv64-musl cache-miss
218 http fetch GET 200 https://registry.npmjs.org/@rollup%2frollup-linux-arm64-gnu 56ms (cache miss)
219 silly packumentCache full:https://registry.npmjs.org/@rollup%2frollup-linux-arm64-gnu set size:undefined disposed:false
220 silly fetch manifest @rollup/rollup-linux-ppc64-gnu@4.59.0
221 silly packumentCache full:https://registry.npmjs.org/@rollup%2frollup-linux-ppc64-gnu cache-miss
222 http fetch GET 200 https://registry.npmjs.org/@rollup%2frollup-linux-arm64-musl 49ms (cache miss)
223 silly packumentCache full:https://registry.npmjs.org/@rollup%2frollup-linux-arm64-musl set size:undefined disposed:false
224 silly fetch manifest @rollup/rollup-linux-ppc64-musl@4.59.0
225 silly packumentCache full:https://registry.npmjs.org/@rollup%2frollup-linux-ppc64-musl cache-miss
226 http fetch GET 200 https://registry.npmjs.org/@rollup%2frollup-android-arm-eabi 50ms (cache miss)
227 silly packumentCache full:https://registry.npmjs.org/@rollup%2frollup-android-arm-eabi set size:undefined disposed:false
228 silly fetch manifest @rollup/rollup-linux-s390x-gnu@4.59.0
229 silly packumentCache full:https://registry.npmjs.org/@rollup%2frollup-linux-s390x-gnu cache-miss
230 http fetch GET 200 https://registry.npmjs.org/@rollup%2frollup-linux-arm-gnueabihf 56ms (cache miss)
231 silly packumentCache full:https://registry.npmjs.org/@rollup%2frollup-linux-arm-gnueabihf set size:undefined disposed:false
232 silly fetch manifest @rollup/rollup-darwin-x64@4.59.0
233 silly packumentCache full:https://registry.npmjs.org/@rollup%2frollup-darwin-x64 cache-miss
234 http fetch GET 200 https://registry.npmjs.org/@rollup%2frollup-linux-arm-musleabihf 59ms (cache miss)
235 silly packumentCache full:https://registry.npmjs.org/@rollup%2frollup-linux-arm-musleabihf set size:undefined disposed:false
236 silly fetch manifest @rollup/rollup-win32-x64-gnu@4.59.0
237 silly packumentCache full:https://registry.npmjs.org/@rollup%2frollup-win32-x64-gnu cache-miss
238 http fetch GET 200 https://registry.npmjs.org/@rollup%2frollup-linux-riscv64-musl 46ms (cache miss)
239 silly packumentCache full:https://registry.npmjs.org/@rollup%2frollup-linux-riscv64-musl set size:undefined disposed:false
240 silly fetch manifest @rollup/rollup-win32-x64-msvc@4.59.0
241 silly packumentCache full:https://registry.npmjs.org/@rollup%2frollup-win32-x64-msvc cache-miss
242 http fetch GET 200 https://registry.npmjs.org/@rollup%2frollup-darwin-arm64 97ms (cache miss)
243 silly packumentCache full:https://registry.npmjs.org/@rollup%2frollup-darwin-arm64 set size:undefined disposed:false
244 silly fetch manifest @rollup/rollup-freebsd-x64@4.59.0
245 silly packumentCache full:https://registry.npmjs.org/@rollup%2frollup-freebsd-x64 cache-miss
246 http fetch GET 200 https://registry.npmjs.org/@rollup%2frollup-linux-loong64-gnu 53ms (cache miss)
247 silly packumentCache full:https://registry.npmjs.org/@rollup%2frollup-linux-loong64-gnu set size:undefined disposed:false
248 silly fetch manifest @rollup/rollup-linux-x64-gnu@4.59.0
249 silly packumentCache full:https://registry.npmjs.org/@rollup%2frollup-linux-x64-gnu cache-miss
250 http fetch GET 200 https://registry.npmjs.org/@rollup%2frollup-linux-loong64-musl 56ms (cache miss)
251 silly packumentCache full:https://registry.npmjs.org/@rollup%2frollup-linux-loong64-musl set size:undefined disposed:false
252 silly fetch manifest @rollup/rollup-linux-x64-musl@4.59.0
253 silly packumentCache full:https://registry.npmjs.org/@rollup%2frollup-linux-x64-musl cache-miss
254 http fetch GET 200 https://registry.npmjs.org/@rollup%2frollup-linux-riscv64-gnu 57ms (cache miss)
255 silly packumentCache full:https://registry.npmjs.org/@rollup%2frollup-linux-riscv64-gnu set size:undefined disposed:false
256 silly fetch manifest @rollup/rollup-openbsd-x64@4.59.0
257 silly packumentCache full:https://registry.npmjs.org/@rollup%2frollup-openbsd-x64 cache-miss
258 http fetch GET 200 https://registry.npmjs.org/@rollup%2frollup-linux-s390x-gnu 48ms (cache miss)
259 silly packumentCache full:https://registry.npmjs.org/@rollup%2frollup-linux-s390x-gnu set size:undefined disposed:false
260 silly fetch manifest @rollup/rollup-openharmony-arm64@4.59.0
261 silly packumentCache full:https://registry.npmjs.org/@rollup%2frollup-openharmony-arm64 cache-miss
262 http fetch GET 200 https://registry.npmjs.org/@rollup%2frollup-linux-ppc64-gnu 57ms (cache miss)
263 silly packumentCache full:https://registry.npmjs.org/@rollup%2frollup-linux-ppc64-gnu set size:undefined disposed:false
264 http fetch GET 200 https://registry.npmjs.org/@rollup%2frollup-linux-ppc64-musl 60ms (cache miss)
265 silly packumentCache full:https://registry.npmjs.org/@rollup%2frollup-linux-ppc64-musl set size:undefined disposed:false
266 http fetch GET 200 https://registry.npmjs.org/@rollup%2frollup-darwin-x64 51ms (cache miss)
267 silly packumentCache full:https://registry.npmjs.org/@rollup%2frollup-darwin-x64 set size:undefined disposed:false
268 http fetch GET 200 https://registry.npmjs.org/@rollup%2frollup-freebsd-x64 41ms (cache miss)
269 silly packumentCache full:https://registry.npmjs.org/@rollup%2frollup-freebsd-x64 set size:undefined disposed:false
270 http fetch GET 200 https://registry.npmjs.org/@rollup%2frollup-win32-x64-msvc 46ms (cache miss)
271 silly packumentCache full:https://registry.npmjs.org/@rollup%2frollup-win32-x64-msvc set size:undefined disposed:false
272 http fetch GET 200 https://registry.npmjs.org/@rollup%2frollup-win32-x64-gnu 61ms (cache miss)
273 silly packumentCache full:https://registry.npmjs.org/@rollup%2frollup-win32-x64-gnu set size:undefined disposed:false
274 http fetch GET 200 https://registry.npmjs.org/@rollup%2frollup-openbsd-x64 46ms (cache miss)
275 silly packumentCache full:https://registry.npmjs.org/@rollup%2frollup-openbsd-x64 set size:undefined disposed:false
276 http fetch GET 200 https://registry.npmjs.org/@rollup%2frollup-linux-x64-gnu 58ms (cache miss)
277 silly packumentCache full:https://registry.npmjs.org/@rollup%2frollup-linux-x64-gnu set size:undefined disposed:false
278 http fetch GET 200 https://registry.npmjs.org/@rollup%2frollup-linux-x64-musl 54ms (cache miss)
279 silly packumentCache full:https://registry.npmjs.org/@rollup%2frollup-linux-x64-musl set size:undefined disposed:false
280 http fetch GET 200 https://registry.npmjs.org/@rollup%2frollup-openharmony-arm64 53ms (cache miss)
281 silly packumentCache full:https://registry.npmjs.org/@rollup%2frollup-openharmony-arm64 set size:undefined disposed:false
282 http fetch GET 200 https://registry.npmjs.org/@rollup%2frollup-win32-ia32-msvc 275ms (cache miss)
283 silly packumentCache full:https://registry.npmjs.org/@rollup%2frollup-win32-ia32-msvc set size:undefined disposed:false
284 silly placeDep ROOT @esbuild/aix-ppc64@0.21.5 OK for: esbuild@0.21.5 want: 0.21.5
285 silly placeDep ROOT @esbuild/android-arm@0.21.5 OK for: esbuild@0.21.5 want: 0.21.5
286 silly placeDep ROOT @esbuild/android-arm64@0.21.5 OK for: esbuild@0.21.5 want: 0.21.5
287 silly placeDep ROOT @esbuild/android-x64@0.21.5 OK for: esbuild@0.21.5 want: 0.21.5
288 silly placeDep ROOT @esbuild/darwin-arm64@0.21.5 OK for: esbuild@0.21.5 want: 0.21.5
289 silly placeDep ROOT @esbuild/darwin-x64@0.21.5 OK for: esbuild@0.21.5 want: 0.21.5
290 silly placeDep ROOT @esbuild/freebsd-arm64@0.21.5 OK for: esbuild@0.21.5 want: 0.21.5
291 silly placeDep ROOT @esbuild/freebsd-x64@0.21.5 OK for: esbuild@0.21.5 want: 0.21.5
292 silly placeDep ROOT @esbuild/linux-arm@0.21.5 OK for: esbuild@0.21.5 want: 0.21.5
293 silly placeDep ROOT @esbuild/linux-arm64@0.21.5 OK for: esbuild@0.21.5 want: 0.21.5
294 silly placeDep ROOT @esbuild/linux-ia32@0.21.5 OK for: esbuild@0.21.5 want: 0.21.5
295 silly placeDep ROOT @esbuild/linux-loong64@0.21.5 OK for: esbuild@0.21.5 want: 0.21.5
296 silly placeDep ROOT @esbuild/linux-mips64el@0.21.5 OK for: esbuild@0.21.5 want: 0.21.5
297 silly placeDep ROOT @esbuild/linux-ppc64@0.21.5 OK for: esbuild@0.21.5 want: 0.21.5
298 silly placeDep ROOT @esbuild/linux-riscv64@0.21.5 OK for: esbuild@0.21.5 want: 0.21.5
299 silly placeDep ROOT @esbuild/linux-s390x@0.21.5 OK for: esbuild@0.21.5 want: 0.21.5
300 silly placeDep ROOT @esbuild/linux-x64@0.21.5 OK for: esbuild@0.21.5 want: 0.21.5
301 silly placeDep ROOT @esbuild/netbsd-x64@0.21.5 OK for: esbuild@0.21.5 want: 0.21.5
302 silly placeDep ROOT @esbuild/openbsd-x64@0.21.5 OK for: esbuild@0.21.5 want: 0.21.5
303 silly placeDep ROOT @esbuild/sunos-x64@0.21.5 OK for: esbuild@0.21.5 want: 0.21.5
304 silly placeDep ROOT @esbuild/win32-arm64@0.21.5 OK for: esbuild@0.21.5 want: 0.21.5
305 silly placeDep ROOT @esbuild/win32-ia32@0.21.5 OK for: esbuild@0.21.5 want: 0.21.5
306 silly placeDep ROOT @esbuild/win32-x64@0.21.5 OK for: esbuild@0.21.5 want: 0.21.5
307 silly placeDep ROOT nanoid@3.3.11 OK for: postcss@8.5.6 want: ^3.3.11
308 silly placeDep ROOT picocolors@1.1.1 OK for: postcss@8.5.6 want: ^1.1.1
309 silly placeDep ROOT source-map-js@1.2.1 OK for: postcss@8.5.6 want: ^1.2.1
310 silly placeDep ROOT @rollup/rollup-android-arm-eabi@4.59.0 OK for: rollup@4.59.0 want: 4.59.0
311 silly placeDep ROOT @rollup/rollup-android-arm64@4.59.0 OK for: rollup@4.59.0 want: 4.59.0
312 silly placeDep ROOT @rollup/rollup-darwin-arm64@4.59.0 OK for: rollup@4.59.0 want: 4.59.0
313 silly placeDep ROOT @rollup/rollup-darwin-x64@4.59.0 OK for: rollup@4.59.0 want: 4.59.0
314 silly placeDep ROOT @rollup/rollup-freebsd-arm64@4.59.0 OK for: rollup@4.59.0 want: 4.59.0
315 silly placeDep ROOT @rollup/rollup-freebsd-x64@4.59.0 OK for: rollup@4.59.0 want: 4.59.0
316 silly placeDep ROOT @rollup/rollup-linux-arm-gnueabihf@4.59.0 OK for: rollup@4.59.0 want: 4.59.0
317 silly placeDep ROOT @rollup/rollup-linux-arm-musleabihf@4.59.0 OK for: rollup@4.59.0 want: 4.59.0
318 silly placeDep ROOT @rollup/rollup-linux-arm64-gnu@4.59.0 OK for: rollup@4.59.0 want: 4.59.0
319 silly placeDep ROOT @rollup/rollup-linux-arm64-musl@4.59.0 OK for: rollup@4.59.0 want: 4.59.0
320 silly placeDep ROOT @rollup/rollup-linux-loong64-gnu@4.59.0 OK for: rollup@4.59.0 want: 4.59.0
321 silly placeDep ROOT @rollup/rollup-linux-loong64-musl@4.59.0 OK for: rollup@4.59.0 want: 4.59.0
322 silly placeDep ROOT @rollup/rollup-linux-ppc64-gnu@4.59.0 OK for: rollup@4.59.0 want: 4.59.0
323 silly placeDep ROOT @rollup/rollup-linux-ppc64-musl@4.59.0 OK for: rollup@4.59.0 want: 4.59.0
324 silly placeDep ROOT @rollup/rollup-linux-riscv64-gnu@4.59.0 OK for: rollup@4.59.0 want: 4.59.0
325 silly placeDep ROOT @rollup/rollup-linux-riscv64-musl@4.59.0 OK for: rollup@4.59.0 want: 4.59.0
326 silly placeDep ROOT @rollup/rollup-linux-s390x-gnu@4.59.0 OK for: rollup@4.59.0 want: 4.59.0
327 silly placeDep ROOT @rollup/rollup-linux-x64-gnu@4.59.0 OK for: rollup@4.59.0 want: 4.59.0
328 silly placeDep ROOT @rollup/rollup-linux-x64-musl@4.59.0 OK for: rollup@4.59.0 want: 4.59.0
329 silly placeDep ROOT @rollup/rollup-openbsd-x64@4.59.0 OK for: rollup@4.59.0 want: 4.59.0
330 silly placeDep ROOT @rollup/rollup-openharmony-arm64@4.59.0 OK for: rollup@4.59.0 want: 4.59.0
331 silly placeDep ROOT @rollup/rollup-win32-arm64-msvc@4.59.0 OK for: rollup@4.59.0 want: 4.59.0
332 silly placeDep ROOT @rollup/rollup-win32-ia32-msvc@4.59.0 OK for: rollup@4.59.0 want: 4.59.0
333 silly placeDep ROOT @rollup/rollup-win32-x64-gnu@4.59.0 OK for: rollup@4.59.0 want: 4.59.0
334 silly placeDep ROOT @rollup/rollup-win32-x64-msvc@4.59.0 OK for: rollup@4.59.0 want: 4.59.0
335 silly placeDep ROOT @types/estree@1.0.8 OK for: rollup@4.59.0 want: 1.0.8
336 silly reify moves {}
337 verbose stack Error: EPERM: operation not permitted, mkdir '/Users/mohsin/research/anti/node_modules/vite'
337 verbose stack     at async mkdir (node:internal/fs/promises:861:10)
337 verbose stack     at async /opt/homebrew/lib/node_modules/npm/node_modules/@npmcli/arborist/lib/arborist/reify.js:572:20
337 verbose stack     at async Promise.allSettled (index 0)
337 verbose stack     at async #reifyPackages (/opt/homebrew/lib/node_modules/npm/node_modules/@npmcli/arborist/lib/arborist/reify.js:309:11)
337 verbose stack     at async Arborist.reify (/opt/homebrew/lib/node_modules/npm/node_modules/@npmcli/arborist/lib/arborist/reify.js:121:5)
337 verbose stack     at async Install.exec (/opt/homebrew/lib/node_modules/npm/lib/commands/install.js:150:5)
337 verbose stack     at async Npm.exec (/opt/homebrew/lib/node_modules/npm/lib/npm.js:208:9)
337 verbose stack     at async module.exports (/opt/homebrew/lib/node_modules/npm/lib/cli/entry.js:67:5)
338 error code EPERM
339 error syscall mkdir
340 error path /Users/mohsin/research/anti/node_modules/vite
341 error errno -1
342 error Error: EPERM: operation not permitted, mkdir '/Users/mohsin/research/anti/node_modules/vite'
342 error     at async mkdir (node:internal/fs/promises:861:10)
342 error     at async /opt/homebrew/lib/node_modules/npm/node_modules/@npmcli/arborist/lib/arborist/reify.js:572:20
342 error     at async Promise.allSettled (index 0)
342 error     at async #reifyPackages (/opt/homebrew/lib/node_modules/npm/node_modules/@npmcli/arborist/lib/arborist/reify.js:309:11)
342 error     at async Arborist.reify (/opt/homebrew/lib/node_modules/npm/node_modules/@npmcli/arborist/lib/arborist/reify.js:121:5)
342 error     at async Install.exec (/opt/homebrew/lib/node_modules/npm/lib/commands/install.js:150:5)
342 error     at async Npm.exec (/opt/homebrew/lib/node_modules/npm/lib/npm.js:208:9)
342 error     at async module.exports (/opt/homebrew/lib/node_modules/npm/lib/cli/entry.js:67:5) {
342 error   errno: -1,
342 error   code: 'EPERM',
342 error   syscall: 'mkdir',
342 error   path: '/Users/mohsin/research/anti/node_modules/vite'
342 error }
343 error
343 error The operation was rejected by your operating system.
343 error It is likely you do not have the permissions to access this file as the current user
343 error
343 error If you believe this might be a permissions issue, please double-check the
343 error permissions of the file and its containing directories, or try running
343 error the command again as root/Administrator.
344 silly unfinished npm timer reify 1771834223826
345 silly unfinished npm timer reify:createSparse 1771834226100
346 verbose cwd /Users/mohsin/research/anti
347 verbose os Darwin 25.2.0
348 verbose node v25.2.1
349 verbose npm  v11.7.0
350 notice
350 notice New [33mminor[39m version of npm available! [33m11.7.0[39m -> [34m11.10.1[39m
350 notice Changelog: [34mhttps://github.com/npm/cli/releases/tag/v11.10.1[39m
350 notice To update run: [4mnpm install -g npm@11.10.1[24m
350 notice  { force: true, Symbol(proc-log.meta): true }
351 verbose exit -1
352 verbose code -1
353 error A complete log of this run can be found in: /Users/mohsin/research/anti/.npm-cache/_logs/2026-02-23T08_10_23_590Z-debug-0.log
